

============================== 2024-09-15 13:06:29.179820 | 400c387d-bd15-4624-8dbf-5a37efc06f94 ==============================
[0m13:06:29.179832 [info ] [MainThread]: Running with dbt=1.3.7
[0m13:06:29.180255 [debug] [MainThread]: running dbt with arguments {'write_json': True, 'use_colors': True, 'printer_width': 80, 'version_check': True, 'partial_parse': True, 'static_parser': True, 'profiles_dir': '/Users/sriharshadevarapalli/.dbt', 'send_anonymous_usage_stats': True, 'event_buffer_size': 100000, 'quiet': False, 'no_print': False, 'cache_selected_only': False, 'skip_profile_setup': False, 'which': 'init', 'indirect_selection': 'eager'}
[0m13:06:29.180457 [debug] [MainThread]: Tracking: tracking
[0m13:06:29.257566 [debug] [MainThread]: Sending event: {'category': 'dbt', 'action': 'invocation', 'label': 'start', 'context': [<snowplow_tracker.self_describing_json.SelfDescribingJson object at 0x10c9b0520>, <snowplow_tracker.self_describing_json.SelfDescribingJson object at 0x109f9d450>, <snowplow_tracker.self_describing_json.SelfDescribingJson object at 0x10c9b0d90>]}
[0m13:06:29.258731 [info ] [MainThread]: Creating dbt configuration folder at /Users/sriharshadevarapalli/.dbt
[0m13:06:58.740866 [debug] [MainThread]: Starter project path: /Users/sriharshadevarapalli/Desktop/DBT_Practice/venv/lib/python3.10/site-packages/dbt/include/starter_project


============================== 2024-09-15 13:15:48.719611 | 9c6370de-5746-4dc8-a4a5-9b906e970ab4 ==============================
[0m13:15:48.719624 [info ] [MainThread]: Running with dbt=1.3.7
[0m13:15:48.722124 [debug] [MainThread]: running dbt with arguments {'write_json': True, 'use_colors': True, 'printer_width': 80, 'version_check': True, 'partial_parse': True, 'static_parser': True, 'profiles_dir': '/Users/sriharshadevarapalli/.dbt', 'send_anonymous_usage_stats': True, 'event_buffer_size': 100000, 'quiet': False, 'no_print': False, 'cache_selected_only': False, 'skip_profile_setup': False, 'which': 'init', 'indirect_selection': 'eager'}
[0m13:15:48.722545 [debug] [MainThread]: Tracking: tracking
[0m13:15:48.793242 [debug] [MainThread]: Sending event: {'category': 'dbt', 'action': 'invocation', 'label': 'start', 'context': [<snowplow_tracker.self_describing_json.SelfDescribingJson object at 0x1059a4520>, <snowplow_tracker.self_describing_json.SelfDescribingJson object at 0x102149ae0>, <snowplow_tracker.self_describing_json.SelfDescribingJson object at 0x1021d0610>]}
[0m13:16:24.816750 [debug] [MainThread]: Starter project path: /Users/sriharshadevarapalli/Desktop/DBT_Practice/venv/lib/python3.10/site-packages/dbt/include/starter_project


============================== 2024-09-15 13:18:13.783684 | 3788008c-5c1d-403e-a401-bcb7f69678fe ==============================
[0m13:18:13.783695 [info ] [MainThread]: Running with dbt=1.3.7
[0m13:18:13.784117 [debug] [MainThread]: running dbt with arguments {'write_json': True, 'use_colors': True, 'printer_width': 80, 'version_check': True, 'partial_parse': True, 'static_parser': True, 'profiles_dir': '/Users/sriharshadevarapalli/.dbt', 'send_anonymous_usage_stats': True, 'event_buffer_size': 100000, 'quiet': False, 'no_print': False, 'cache_selected_only': False, 'skip_profile_setup': False, 'which': 'init', 'indirect_selection': 'eager'}
[0m13:18:13.784271 [debug] [MainThread]: Tracking: tracking
[0m13:18:13.840210 [debug] [MainThread]: Sending event: {'category': 'dbt', 'action': 'invocation', 'label': 'start', 'context': [<snowplow_tracker.self_describing_json.SelfDescribingJson object at 0x10ac1c520>, <snowplow_tracker.self_describing_json.SelfDescribingJson object at 0x10738dae0>, <snowplow_tracker.self_describing_json.SelfDescribingJson object at 0x107418610>]}
[0m13:18:27.888477 [info ] [MainThread]: A project called first_project already exists here.
[0m13:18:27.889238 [debug] [MainThread]: Sending event: {'category': 'dbt', 'action': 'invocation', 'label': 'end', 'context': [<snowplow_tracker.self_describing_json.SelfDescribingJson object at 0x10ac1c8e0>, <snowplow_tracker.self_describing_json.SelfDescribingJson object at 0x10ac1c760>, <snowplow_tracker.self_describing_json.SelfDescribingJson object at 0x10ac1c4f0>]}
[0m13:18:27.889835 [debug] [MainThread]: Flushing usage events


============================== 2024-09-15 13:23:10.688906 | 54202329-3d1b-446b-b379-3e05ffa4d5a5 ==============================
[0m13:23:10.688920 [info ] [MainThread]: Running with dbt=1.3.7
[0m13:23:10.689975 [debug] [MainThread]: running dbt with arguments {'write_json': True, 'use_colors': True, 'printer_width': 80, 'version_check': True, 'partial_parse': True, 'static_parser': True, 'profiles_dir': '/Users/sriharshadevarapalli/.dbt', 'send_anonymous_usage_stats': True, 'event_buffer_size': 100000, 'quiet': False, 'no_print': False, 'cache_selected_only': False, 'skip_profile_setup': False, 'which': 'init', 'indirect_selection': 'eager'}
[0m13:23:10.690329 [debug] [MainThread]: Tracking: tracking
[0m13:23:10.762292 [debug] [MainThread]: Sending event: {'category': 'dbt', 'action': 'invocation', 'label': 'start', 'context': [<snowplow_tracker.self_describing_json.SelfDescribingJson object at 0x112124550>, <snowplow_tracker.self_describing_json.SelfDescribingJson object at 0x10e899ae0>, <snowplow_tracker.self_describing_json.SelfDescribingJson object at 0x10e924610>]}
[0m13:23:23.552379 [debug] [MainThread]: Starter project path: /Users/sriharshadevarapalli/Desktop/DBT_Practice/venv/lib/python3.10/site-packages/dbt/include/starter_project
[0m13:24:48.767357 [info ] [MainThread]: Profile first_project written to /Users/sriharshadevarapalli/.dbt/profiles.yml using target's profile_template.yml and your supplied values. Run 'dbt debug' to validate the connection.
[0m13:24:48.767794 [info ] [MainThread]: 
Your new dbt project "first_project" was created!

For more information on how to configure the profiles.yml file,
please consult the dbt documentation here:

  https://docs.getdbt.com/docs/configure-your-profile

One more thing:

Need help? Don't hesitate to reach out to us via GitHub issues or on Slack:

  https://community.getdbt.com/

Happy modeling!

[0m13:24:48.768132 [debug] [MainThread]: Sending event: {'category': 'dbt', 'action': 'invocation', 'label': 'end', 'context': [<snowplow_tracker.self_describing_json.SelfDescribingJson object at 0x112124d60>, <snowplow_tracker.self_describing_json.SelfDescribingJson object at 0x112124550>, <snowplow_tracker.self_describing_json.SelfDescribingJson object at 0x1121266b0>]}
[0m13:24:48.768458 [debug] [MainThread]: Flushing usage events


============================== 2024-09-15 13:30:07.587153 | 3a25bcbb-6a3a-4b4a-900a-7e0a79bcbd48 ==============================
[0m13:30:07.587169 [info ] [MainThread]: Running with dbt=1.3.7
[0m13:30:07.588470 [debug] [MainThread]: running dbt with arguments {'write_json': True, 'use_colors': True, 'printer_width': 80, 'version_check': True, 'partial_parse': True, 'static_parser': True, 'profiles_dir': '/Users/sriharshadevarapalli/.dbt', 'send_anonymous_usage_stats': True, 'event_buffer_size': 100000, 'quiet': False, 'no_print': False, 'cache_selected_only': False, 'config_dir': False, 'which': 'debug', 'indirect_selection': 'eager'}
[0m13:30:07.588788 [debug] [MainThread]: Tracking: tracking
[0m13:30:07.611783 [debug] [MainThread]: Sending event: {'category': 'dbt', 'action': 'invocation', 'label': 'start', 'context': [<snowplow_tracker.self_describing_json.SelfDescribingJson object at 0x10db202e0>, <snowplow_tracker.self_describing_json.SelfDescribingJson object at 0x10db22f80>, <snowplow_tracker.self_describing_json.SelfDescribingJson object at 0x10db23e80>]}
[0m13:30:08.173851 [debug] [MainThread]: Executing "git --help"
[0m13:30:08.204698 [debug] [MainThread]: STDOUT: "b"usage: git [-v | --version] [-h | --help] [-C <path>] [-c <name>=<value>]\n           [--exec-path[=<path>]] [--html-path] [--man-path] [--info-path]\n           [-p | --paginate | -P | --no-pager] [--no-replace-objects] [--bare]\n           [--git-dir=<path>] [--work-tree=<path>] [--namespace=<name>]\n           [--super-prefix=<path>] [--config-env=<name>=<envvar>]\n           <command> [<args>]\n\nThese are common Git commands used in various situations:\n\nstart a working area (see also: git help tutorial)\n   clone     Clone a repository into a new directory\n   init      Create an empty Git repository or reinitialize an existing one\n\nwork on the current change (see also: git help everyday)\n   add       Add file contents to the index\n   mv        Move or rename a file, a directory, or a symlink\n   restore   Restore working tree files\n   rm        Remove files from the working tree and from the index\n\nexamine the history and state (see also: git help revisions)\n   bisect    Use binary search to find the commit that introduced a bug\n   diff      Show changes between commits, commit and working tree, etc\n   grep      Print lines matching a pattern\n   log       Show commit logs\n   show      Show various types of objects\n   status    Show the working tree status\n\ngrow, mark and tweak your common history\n   branch    List, create, or delete branches\n   commit    Record changes to the repository\n   merge     Join two or more development histories together\n   rebase    Reapply commits on top of another base tip\n   reset     Reset current HEAD to the specified state\n   switch    Switch branches\n   tag       Create, list, delete or verify a tag object signed with GPG\n\ncollaborate (see also: git help workflows)\n   fetch     Download objects and refs from another repository\n   pull      Fetch from and integrate with another repository or a local branch\n   push      Update remote refs along with associated objects\n\n'git help -a' and 'git help -g' list available subcommands and some\nconcept guides. See 'git help <command>' or 'git help <concept>'\nto read about a specific subcommand or concept.\nSee 'git help git' for an overview of the system.\n""
[0m13:30:08.205318 [debug] [MainThread]: STDERR: "b''"
[0m13:30:08.530341 [debug] [MainThread]: Acquiring new snowflake connection "debug"
[0m13:30:08.532266 [debug] [MainThread]: Using snowflake connection "debug"
[0m13:30:08.532499 [debug] [MainThread]: On debug: select 1 as id
[0m13:30:08.532730 [debug] [MainThread]: Opening a new connection, currently in state init
[0m13:30:11.906074 [debug] [MainThread]: Snowflake adapter: Error running SQL: select 1 as id
[0m13:30:11.906400 [debug] [MainThread]: Snowflake adapter: Rolling back transaction.
[0m13:30:11.906633 [debug] [MainThread]: On debug: No close available on handle
[0m13:30:11.907079 [debug] [MainThread]: Sending event: {'category': 'dbt', 'action': 'invocation', 'label': 'end', 'context': [<snowplow_tracker.self_describing_json.SelfDescribingJson object at 0x10f33fca0>, <snowplow_tracker.self_describing_json.SelfDescribingJson object at 0x10f478af0>, <snowplow_tracker.self_describing_json.SelfDescribingJson object at 0x10f478ac0>]}
[0m13:30:11.907419 [debug] [MainThread]: Flushing usage events
[0m13:30:13.045415 [debug] [MainThread]: Connection 'debug' was properly closed.


============================== 2024-09-17 13:21:45.354099 | 77710bfe-2d8b-4726-a059-4eb8cdd9e84d ==============================
[0m13:21:45.354116 [info ] [MainThread]: Running with dbt=1.3.7
[0m13:21:45.395497 [debug] [MainThread]: running dbt with arguments {'write_json': True, 'use_colors': True, 'printer_width': 80, 'version_check': True, 'partial_parse': True, 'static_parser': True, 'profiles_dir': '/Users/sriharshadevarapalli/.dbt', 'send_anonymous_usage_stats': True, 'event_buffer_size': 100000, 'quiet': False, 'no_print': False, 'cache_selected_only': False, 'config_dir': False, 'which': 'debug', 'indirect_selection': 'eager'}
[0m13:21:45.396059 [debug] [MainThread]: Tracking: tracking
[0m13:21:45.455588 [debug] [MainThread]: Sending event: {'category': 'dbt', 'action': 'invocation', 'label': 'start', 'context': [<snowplow_tracker.self_describing_json.SelfDescribingJson object at 0x10206e7d0>, <snowplow_tracker.self_describing_json.SelfDescribingJson object at 0x1049b2cb0>, <snowplow_tracker.self_describing_json.SelfDescribingJson object at 0x1049b34f0>]}
[0m13:21:46.260985 [debug] [MainThread]: Executing "git --help"
[0m13:21:46.294015 [debug] [MainThread]: STDOUT: "b"usage: git [-v | --version] [-h | --help] [-C <path>] [-c <name>=<value>]\n           [--exec-path[=<path>]] [--html-path] [--man-path] [--info-path]\n           [-p | --paginate | -P | --no-pager] [--no-replace-objects] [--bare]\n           [--git-dir=<path>] [--work-tree=<path>] [--namespace=<name>]\n           [--super-prefix=<path>] [--config-env=<name>=<envvar>]\n           <command> [<args>]\n\nThese are common Git commands used in various situations:\n\nstart a working area (see also: git help tutorial)\n   clone     Clone a repository into a new directory\n   init      Create an empty Git repository or reinitialize an existing one\n\nwork on the current change (see also: git help everyday)\n   add       Add file contents to the index\n   mv        Move or rename a file, a directory, or a symlink\n   restore   Restore working tree files\n   rm        Remove files from the working tree and from the index\n\nexamine the history and state (see also: git help revisions)\n   bisect    Use binary search to find the commit that introduced a bug\n   diff      Show changes between commits, commit and working tree, etc\n   grep      Print lines matching a pattern\n   log       Show commit logs\n   show      Show various types of objects\n   status    Show the working tree status\n\ngrow, mark and tweak your common history\n   branch    List, create, or delete branches\n   commit    Record changes to the repository\n   merge     Join two or more development histories together\n   rebase    Reapply commits on top of another base tip\n   reset     Reset current HEAD to the specified state\n   switch    Switch branches\n   tag       Create, list, delete or verify a tag object signed with GPG\n\ncollaborate (see also: git help workflows)\n   fetch     Download objects and refs from another repository\n   pull      Fetch from and integrate with another repository or a local branch\n   push      Update remote refs along with associated objects\n\n'git help -a' and 'git help -g' list available subcommands and some\nconcept guides. See 'git help <command>' or 'git help <concept>'\nto read about a specific subcommand or concept.\nSee 'git help git' for an overview of the system.\n""
[0m13:21:46.294653 [debug] [MainThread]: STDERR: "b''"
[0m13:21:46.309729 [debug] [MainThread]: Acquiring new snowflake connection "debug"
[0m13:21:46.311784 [debug] [MainThread]: Using snowflake connection "debug"
[0m13:21:46.312069 [debug] [MainThread]: On debug: select 1 as id
[0m13:21:46.312253 [debug] [MainThread]: Opening a new connection, currently in state init
[0m13:21:47.571428 [debug] [MainThread]: SQL status: SUCCESS 1 in 1.26 seconds
[0m13:21:47.574623 [debug] [MainThread]: On debug: Close
[0m13:21:47.692563 [debug] [MainThread]: Sending event: {'category': 'dbt', 'action': 'invocation', 'label': 'end', 'context': [<snowplow_tracker.self_describing_json.SelfDescribingJson object at 0x106260550>, <snowplow_tracker.self_describing_json.SelfDescribingJson object at 0x104beba90>, <snowplow_tracker.self_describing_json.SelfDescribingJson object at 0x106fb32b0>]}
[0m13:21:47.693402 [debug] [MainThread]: Flushing usage events
[0m13:21:49.734728 [debug] [MainThread]: Connection 'debug' was properly closed.


============================== 2024-09-30 11:20:23.416190 | 02d9fa15-a568-453f-ae7d-65b82169f7ab ==============================
[0m11:20:23.416215 [info ] [MainThread]: Running with dbt=1.3.7
[0m11:20:23.459010 [debug] [MainThread]: running dbt with arguments {'write_json': True, 'use_colors': True, 'printer_width': 80, 'version_check': True, 'partial_parse': True, 'static_parser': True, 'profiles_dir': '/Users/sriharshadevarapalli/.dbt', 'send_anonymous_usage_stats': True, 'event_buffer_size': 100000, 'quiet': False, 'no_print': False, 'cache_selected_only': False, 'project_name': 'demo_dbt', 'skip_profile_setup': False, 'which': 'init', 'indirect_selection': 'eager'}
[0m11:20:23.459259 [debug] [MainThread]: Tracking: tracking
[0m11:20:23.500847 [debug] [MainThread]: Sending event: {'category': 'dbt', 'action': 'invocation', 'label': 'start', 'context': [<snowplow_tracker.self_describing_json.SelfDescribingJson object at 0x10ff167a0>, <snowplow_tracker.self_describing_json.SelfDescribingJson object at 0x11287ec80>, <snowplow_tracker.self_describing_json.SelfDescribingJson object at 0x11287f4c0>]}
[0m11:20:23.505231 [debug] [MainThread]: Starter project path: /Users/sriharshadevarapalli/Desktop/DBT_Practice/venv/lib/python3.10/site-packages/dbt/include/starter_project
[0m11:24:07.394338 [info ] [MainThread]: Profile demo_dbt written to /Users/sriharshadevarapalli/.dbt/profiles.yml using target's profile_template.yml and your supplied values. Run 'dbt debug' to validate the connection.
[0m11:24:07.397561 [info ] [MainThread]: 
Your new dbt project "demo_dbt" was created!

For more information on how to configure the profiles.yml file,
please consult the dbt documentation here:

  https://docs.getdbt.com/docs/configure-your-profile

One more thing:

Need help? Don't hesitate to reach out to us via GitHub issues or on Slack:

  https://community.getdbt.com/

Happy modeling!

[0m11:24:07.399521 [debug] [MainThread]: Sending event: {'category': 'dbt', 'action': 'invocation', 'label': 'end', 'context': [<snowplow_tracker.self_describing_json.SelfDescribingJson object at 0x11287f0d0>, <snowplow_tracker.self_describing_json.SelfDescribingJson object at 0x11287fdf0>, <snowplow_tracker.self_describing_json.SelfDescribingJson object at 0x11287fd60>]}
[0m11:24:07.400427 [debug] [MainThread]: Flushing usage events
